Using EulerDiscreteScheduler
Number of GPUs: 8
Available GPU 0: _CudaDeviceProperties(name='NVIDIA H800', major=9, minor=0, total_memory=81007MB, multi_processor_count=132)
Available GPU 1: _CudaDeviceProperties(name='NVIDIA H800', major=9, minor=0, total_memory=81007MB, multi_processor_count=132)
Available GPU 2: _CudaDeviceProperties(name='NVIDIA H800', major=9, minor=0, total_memory=81007MB, multi_processor_count=132)
Available GPU 3: _CudaDeviceProperties(name='NVIDIA H800', major=9, minor=0, total_memory=81007MB, multi_processor_count=132)
Available GPU 4: _CudaDeviceProperties(name='NVIDIA H800', major=9, minor=0, total_memory=81007MB, multi_processor_count=132)
Available GPU 5: _CudaDeviceProperties(name='NVIDIA H800', major=9, minor=0, total_memory=81007MB, multi_processor_count=132)
Available GPU 6: _CudaDeviceProperties(name='NVIDIA H800', major=9, minor=0, total_memory=81007MB, multi_processor_count=132)
Available GPU 7: _CudaDeviceProperties(name='NVIDIA H800', major=9, minor=0, total_memory=81007MB, multi_processor_count=132)
World size: 8, rank: 0
Enable cuda graph: True
Using customized pipeline_stable_diffusion_xl

Loading pipeline components...:   0%|          | 0/7 [00:00<?, ?it/s]
Loading pipeline components...:  43%|████▎     | 3/7 [00:00<00:00,  6.69it/s]
Loading pipeline components...:  57%|█████▋    | 4/7 [00:00<00:00,  4.53it/s]
Loading pipeline components...:  86%|████████▌ | 6/7 [00:13<00:03,  3.13s/it]
Loading pipeline components...: 100%|██████████| 7/7 [00:13<00:00,  2.41s/it]
Loading pipeline components...: 100%|██████████| 7/7 [00:13<00:00,  1.96s/it]
Enable cuda graph: True
default_unet_state_dict length 1680
Prompt: a long wooden bench in front of a brick wall, 4k, clean background
Reference image: /project/infattllm/slida/katz-ae-images/images_sdxl_t2i/image_0_depth.png

  0%|          | 0/50 [00:00<?, ?it/s]
  2%|▏         | 1/50 [00:02<02:03,  2.52s/it]
  8%|▊         | 4/50 [00:02<00:23,  1.99it/s]
 14%|█▍        | 7/50 [00:02<00:10,  3.98it/s]
 20%|██        | 10/50 [00:02<00:06,  6.38it/s]
 26%|██▌       | 13/50 [00:02<00:04,  9.14it/s]
 32%|███▏      | 16/50 [00:03<00:02, 12.11it/s]
 38%|███▊      | 19/50 [00:03<00:02, 15.14it/s]
 44%|████▍     | 22/50 [00:03<00:01, 18.03it/s]
 50%|█████     | 25/50 [00:03<00:01, 20.63it/s]
 56%|█████▌    | 28/50 [00:03<00:00, 22.85it/s]
 62%|██████▏   | 31/50 [00:03<00:00, 24.64it/s]
 68%|██████▊   | 34/50 [00:03<00:00, 26.06it/s]
 74%|███████▍  | 37/50 [00:03<00:00, 27.12it/s]
 80%|████████  | 40/50 [00:03<00:00, 27.93it/s]
 86%|████████▌ | 43/50 [00:03<00:00, 28.52it/s]
 94%|█████████▍| 47/50 [00:04<00:00, 29.04it/s]
100%|██████████| 50/50 [00:04<00:00, 29.30it/s]
100%|██████████| 50/50 [00:04<00:00, 12.04it/s]
Total denoising time: 4.15
Total controlnet time: 0.00
Total unet time: 3.91
Load LoRA latency: 0.00
End2End inference latency: 15.90
==============================
Prompt: a cat looking out of a window, 4k, clean background
Reference image: /project/infattllm/slida/katz-ae-images/images_sdxl_t2i/image_1_depth.png

  0%|          | 0/50 [00:00<?, ?it/s]
  6%|▌         | 3/50 [00:00<00:01, 29.35it/s]
 14%|█▍        | 7/50 [00:00<00:01, 29.79it/s]
 20%|██        | 10/50 [00:00<00:01, 29.87it/s]
 26%|██▌       | 13/50 [00:00<00:01, 29.91it/s]
 34%|███▍      | 17/50 [00:00<00:01, 29.95it/s]
 42%|████▏     | 21/50 [00:00<00:00, 29.98it/s]
 50%|█████     | 25/50 [00:00<00:00, 29.99it/s]
 58%|█████▊    | 29/50 [00:00<00:00, 30.00it/s]
 66%|██████▌   | 33/50 [00:01<00:00, 30.01it/s]
 74%|███████▍  | 37/50 [00:01<00:00, 30.01it/s]
 82%|████████▏ | 41/50 [00:01<00:00, 30.02it/s]
 90%|█████████ | 45/50 [00:01<00:00, 30.02it/s]
 98%|█████████▊| 49/50 [00:01<00:00, 30.00it/s]
100%|██████████| 50/50 [00:01<00:00, 29.97it/s]
Total denoising time: 1.67
Total controlnet time: 0.00
Total unet time: 1.63
Load LoRA latency: 0.00
End2End inference latency: 1.80
==============================
Prompt: A helicopter flies over Yosemite., 4k, clean background
Reference image: /project/infattllm/slida/katz-ae-images/images_sdxl_t2i/image_2_depth.png

  0%|          | 0/50 [00:00<?, ?it/s]
  6%|▌         | 3/50 [00:00<00:01, 29.86it/s]
 12%|█▏        | 6/50 [00:00<00:01, 29.93it/s]
 20%|██        | 10/50 [00:00<00:01, 29.97it/s]
 28%|██▊       | 14/50 [00:00<00:01, 29.98it/s]
 36%|███▌      | 18/50 [00:00<00:01, 29.98it/s]
 42%|████▏     | 21/50 [00:00<00:00, 29.99it/s]
 48%|████▊     | 24/50 [00:00<00:00, 29.98it/s]
 54%|█████▍    | 27/50 [00:00<00:00, 29.87it/s]
 62%|██████▏   | 31/50 [00:01<00:00, 29.91it/s]
 68%|██████▊   | 34/50 [00:01<00:00, 29.94it/s]
 74%|███████▍  | 37/50 [00:01<00:00, 29.96it/s]
 80%|████████  | 40/50 [00:01<00:00, 29.96it/s]
 86%|████████▌ | 43/50 [00:01<00:00, 29.97it/s]
 94%|█████████▍| 47/50 [00:01<00:00, 29.98it/s]
100%|██████████| 50/50 [00:01<00:00, 29.96it/s]
Total denoising time: 1.67
Total controlnet time: 0.00
Total unet time: 1.62
Load LoRA latency: 0.00
End2End inference latency: 1.80
==============================
Prompt: a handsaw on a table, 4k, clean background
Reference image: /project/infattllm/slida/katz-ae-images/images_sdxl_t2i/image_3_depth.png

  0%|          | 0/50 [00:00<?, ?it/s]
  6%|▌         | 3/50 [00:00<00:01, 29.91it/s]
 14%|█▍        | 7/50 [00:00<00:01, 29.96it/s]
 22%|██▏       | 11/50 [00:00<00:01, 29.98it/s]
 30%|███       | 15/50 [00:00<00:01, 30.00it/s]
 38%|███▊      | 19/50 [00:00<00:01, 30.00it/s]
 46%|████▌     | 23/50 [00:00<00:00, 30.01it/s]
 54%|█████▍    | 27/50 [00:00<00:00, 30.01it/s]
 62%|██████▏   | 31/50 [00:01<00:00, 30.00it/s]
 70%|███████   | 35/50 [00:01<00:00, 30.01it/s]
 78%|███████▊  | 39/50 [00:01<00:00, 29.80it/s]
 86%|████████▌ | 43/50 [00:01<00:00, 29.86it/s]
 94%|█████████▍| 47/50 [00:01<00:00, 29.91it/s]
100%|██████████| 50/50 [00:01<00:00, 29.93it/s]
100%|██████████| 50/50 [00:01<00:00, 29.95it/s]
Total denoising time: 1.67
Total controlnet time: 0.00
Total unet time: 1.62
Load LoRA latency: 0.00
End2End inference latency: 1.81
==============================
Prompt: A smiling sloth wearing a bowtie and holding a quarterstaff and a big book. A shiny VW van parked on grass., 4k, clean background
Reference image: /project/infattllm/slida/katz-ae-images/images_sdxl_t2i/image_4_depth.png

  0%|          | 0/50 [00:00<?, ?it/s]
  6%|▌         | 3/50 [00:00<00:01, 29.91it/s]
 12%|█▏        | 6/50 [00:00<00:01, 29.94it/s]
 18%|█▊        | 9/50 [00:00<00:01, 29.94it/s]
 24%|██▍       | 12/50 [00:00<00:01, 29.94it/s]
 32%|███▏      | 16/50 [00:00<00:01, 29.97it/s]
 38%|███▊      | 19/50 [00:00<00:01, 29.97it/s]
 44%|████▍     | 22/50 [00:00<00:00, 29.97it/s]
 50%|█████     | 25/50 [00:00<00:00, 29.97it/s]
 56%|█████▌    | 28/50 [00:00<00:00, 29.96it/s]
 62%|██████▏   | 31/50 [00:01<00:00, 29.96it/s]
 68%|██████▊   | 34/50 [00:01<00:00, 29.95it/s]
 74%|███████▍  | 37/50 [00:01<00:00, 29.95it/s]
 80%|████████  | 40/50 [00:01<00:00, 29.95it/s]
 86%|████████▌ | 43/50 [00:01<00:00, 29.94it/s]
 92%|█████████▏| 46/50 [00:01<00:00, 29.95it/s]
 98%|█████████▊| 49/50 [00:01<00:00, 29.96it/s]
100%|██████████| 50/50 [00:01<00:00, 29.95it/s]
Total denoising time: 1.67
Total controlnet time: 0.00
Total unet time: 1.62
Load LoRA latency: 0.00
End2End inference latency: 1.81
==============================
Prompt: a large present with a red ribbon, 4k, clean background
Reference image: /project/infattllm/slida/katz-ae-images/images_sdxl_t2i/image_5_depth.png

  0%|          | 0/50 [00:00<?, ?it/s]
  6%|▌         | 3/50 [00:00<00:01, 29.90it/s]
 14%|█▍        | 7/50 [00:00<00:01, 29.96it/s]
 22%|██▏       | 11/50 [00:00<00:01, 30.00it/s]
 28%|██▊       | 14/50 [00:00<00:01, 30.00it/s]
 36%|███▌      | 18/50 [00:00<00:01, 30.00it/s]
 44%|████▍     | 22/50 [00:00<00:00, 30.00it/s]
 52%|█████▏    | 26/50 [00:00<00:00, 29.99it/s]
 58%|█████▊    | 29/50 [00:00<00:00, 29.99it/s]
 64%|██████▍   | 32/50 [00:01<00:00, 29.98it/s]
 72%|███████▏  | 36/50 [00:01<00:00, 29.99it/s]
 78%|███████▊  | 39/50 [00:01<00:00, 29.99it/s]
 84%|████████▍ | 42/50 [00:01<00:00, 29.98it/s]
 90%|█████████ | 45/50 [00:01<00:00, 29.96it/s]
 96%|█████████▌| 48/50 [00:01<00:00, 29.96it/s]
100%|██████████| 50/50 [00:01<00:00, 29.98it/s]
Total denoising time: 1.67
Total controlnet time: 0.00
Total unet time: 1.63
Load LoRA latency: 0.00
End2End inference latency: 1.80
==============================
Prompt: a cat reading a book, 4k, clean background
Reference image: /project/infattllm/slida/katz-ae-images/images_sdxl_t2i/image_6_depth.png

  0%|          | 0/50 [00:00<?, ?it/s]
  6%|▌         | 3/50 [00:00<00:01, 29.87it/s]
 14%|█▍        | 7/50 [00:00<00:01, 29.95it/s]
 20%|██        | 10/50 [00:00<00:01, 29.97it/s]
 28%|██▊       | 14/50 [00:00<00:01, 29.98it/s]
 34%|███▍      | 17/50 [00:00<00:01, 29.97it/s]
 40%|████      | 20/50 [00:00<00:01, 29.96it/s]
 46%|████▌     | 23/50 [00:00<00:00, 29.95it/s]
 52%|█████▏    | 26/50 [00:00<00:00, 29.95it/s]
 58%|█████▊    | 29/50 [00:00<00:00, 29.95it/s]
 64%|██████▍   | 32/50 [00:01<00:00, 29.96it/s]
 70%|███████   | 35/50 [00:01<00:00, 29.95it/s]
 76%|███████▌  | 38/50 [00:01<00:00, 29.95it/s]
 82%|████████▏ | 41/50 [00:01<00:00, 29.96it/s]
 88%|████████▊ | 44/50 [00:01<00:00, 29.96it/s]
 94%|█████████▍| 47/50 [00:01<00:00, 29.95it/s]
100%|██████████| 50/50 [00:01<00:00, 29.96it/s]
100%|██████████| 50/50 [00:01<00:00, 29.95it/s]
Total denoising time: 1.67
Total controlnet time: 0.00
Total unet time: 1.62
Load LoRA latency: 0.00
End2End inference latency: 1.80
==============================
Prompt: the Beatles crossing Abbey road, 4k, clean background
Reference image: /project/infattllm/slida/katz-ae-images/images_sdxl_t2i/image_7_depth.png

  0%|          | 0/50 [00:00<?, ?it/s]
  6%|▌         | 3/50 [00:00<00:01, 29.91it/s]
 14%|█▍        | 7/50 [00:00<00:01, 30.00it/s]
 22%|██▏       | 11/50 [00:00<00:01, 30.01it/s]
 30%|███       | 15/50 [00:00<00:01, 30.02it/s]
 38%|███▊      | 19/50 [00:00<00:01, 30.00it/s]
 44%|████▍     | 22/50 [00:00<00:00, 29.99it/s]
 50%|█████     | 25/50 [00:00<00:00, 29.98it/s]
 56%|█████▌    | 28/50 [00:00<00:00, 29.97it/s]
 62%|██████▏   | 31/50 [00:01<00:00, 29.97it/s]
 68%|██████▊   | 34/50 [00:01<00:00, 29.98it/s]
 74%|███████▍  | 37/50 [00:01<00:00, 29.98it/s]
 80%|████████  | 40/50 [00:01<00:00, 29.98it/s]
 88%|████████▊ | 44/50 [00:01<00:00, 29.98it/s]
 94%|█████████▍| 47/50 [00:01<00:00, 29.97it/s]
100%|██████████| 50/50 [00:01<00:00, 29.97it/s]
100%|██████████| 50/50 [00:01<00:00, 29.98it/s]
Total denoising time: 1.67
Total controlnet time: 0.00
Total unet time: 1.62
Load LoRA latency: 0.00
End2End inference latency: 1.80
==============================
Prompt: a woman singing into a microphone, 4k, clean background
Reference image: /project/infattllm/slida/katz-ae-images/images_sdxl_t2i/image_8_depth.png

  0%|          | 0/50 [00:00<?, ?it/s]
  6%|▌         | 3/50 [00:00<00:01, 29.87it/s]
 12%|█▏        | 6/50 [00:00<00:01, 29.93it/s]
 18%|█▊        | 9/50 [00:00<00:01, 29.95it/s]
 26%|██▌       | 13/50 [00:00<00:01, 29.98it/s]
 32%|███▏      | 16/50 [00:00<00:01, 29.97it/s]
 38%|███▊      | 19/50 [00:00<00:01, 29.97it/s]
 44%|████▍     | 22/50 [00:00<00:00, 29.97it/s]
 50%|█████     | 25/50 [00:00<00:00, 29.97it/s]
 56%|█████▌    | 28/50 [00:00<00:00, 29.97it/s]
 62%|██████▏   | 31/50 [00:01<00:00, 29.96it/s]
 68%|██████▊   | 34/50 [00:01<00:00, 29.96it/s]
 74%|███████▍  | 37/50 [00:01<00:00, 29.97it/s]
 80%|████████  | 40/50 [00:01<00:00, 29.96it/s]
 86%|████████▌ | 43/50 [00:01<00:00, 29.96it/s]
 92%|█████████▏| 46/50 [00:01<00:00, 29.97it/s]
 98%|█████████▊| 49/50 [00:01<00:00, 29.96it/s]
100%|██████████| 50/50 [00:01<00:00, 29.96it/s]
Total denoising time: 1.67
Total controlnet time: 0.00
Total unet time: 1.63
Load LoRA latency: 0.00
End2End inference latency: 1.80
==============================
Prompt: a white robot passing a soccer ball to a red robot, 4k, clean background
Reference image: /project/infattllm/slida/katz-ae-images/images_sdxl_t2i/image_9_depth.png

  0%|          | 0/50 [00:00<?, ?it/s]
  6%|▌         | 3/50 [00:00<00:01, 29.84it/s]
 12%|█▏        | 6/50 [00:00<00:01, 29.91it/s]
 18%|█▊        | 9/50 [00:00<00:01, 29.93it/s]
 24%|██▍       | 12/50 [00:00<00:01, 29.94it/s]
 30%|███       | 15/50 [00:00<00:01, 29.96it/s]
 36%|███▌      | 18/50 [00:00<00:01, 29.97it/s]
 42%|████▏     | 21/50 [00:00<00:00, 29.96it/s]
 48%|████▊     | 24/50 [00:00<00:00, 29.96it/s]
 54%|█████▍    | 27/50 [00:00<00:00, 29.97it/s]
 60%|██████    | 30/50 [00:01<00:00, 29.96it/s]
 66%|██████▌   | 33/50 [00:01<00:00, 29.97it/s]
 72%|███████▏  | 36/50 [00:01<00:00, 29.97it/s]
 80%|████████  | 40/50 [00:01<00:00, 29.98it/s]
 86%|████████▌ | 43/50 [00:01<00:00, 29.98it/s]
 92%|█████████▏| 46/50 [00:01<00:00, 29.98it/s]
 98%|█████████▊| 49/50 [00:01<00:00, 29.97it/s]
100%|██████████| 50/50 [00:01<00:00, 29.96it/s]
Total denoising time: 1.67
Total controlnet time: 0.00
Total unet time: 1.63
Load LoRA latency: 0.00
End2End inference latency: 1.80
==============================
Prompt: a plant growing on the side of a brick wall, 4k, clean background
Reference image: /project/infattllm/slida/katz-ae-images/images_sdxl_t2i/image_10_depth.png

  0%|          | 0/50 [00:00<?, ?it/s]
  6%|▌         | 3/50 [00:00<00:01, 29.82it/s]
 12%|█▏        | 6/50 [00:00<00:01, 29.87it/s]
 18%|█▊        | 9/50 [00:00<00:01, 29.91it/s]
 24%|██▍       | 12/50 [00:00<00:01, 29.93it/s]
 30%|███       | 15/50 [00:00<00:01, 29.94it/s]
 36%|███▌      | 18/50 [00:00<00:01, 29.93it/s]
 42%|████▏     | 21/50 [00:00<00:00, 29.95it/s]
 48%|████▊     | 24/50 [00:00<00:00, 29.93it/s]
 54%|█████▍    | 27/50 [00:00<00:00, 29.94it/s]
 60%|██████    | 30/50 [00:01<00:00, 29.94it/s]
 66%|██████▌   | 33/50 [00:01<00:00, 29.94it/s]
 72%|███████▏  | 36/50 [00:01<00:00, 29.94it/s]
 78%|███████▊  | 39/50 [00:01<00:00, 29.93it/s]
 84%|████████▍ | 42/50 [00:01<00:00, 29.94it/s]
 90%|█████████ | 45/50 [00:01<00:00, 29.95it/s]
 96%|█████████▌| 48/50 [00:01<00:00, 29.95it/s]
100%|██████████| 50/50 [00:01<00:00, 29.94it/s]
Total denoising time: 1.67
Total controlnet time: 0.00
Total unet time: 1.63
Load LoRA latency: 0.00
End2End inference latency: 1.80
==============================
Prompt: snow covering the Great Pyramid, 4k, clean background
Reference image: /project/infattllm/slida/katz-ae-images/images_sdxl_t2i/image_11_depth.png

  0%|          | 0/50 [00:00<?, ?it/s]
  6%|▌         | 3/50 [00:00<00:01, 29.90it/s]
 12%|█▏        | 6/50 [00:00<00:01, 29.93it/s]
 18%|█▊        | 9/50 [00:00<00:01, 29.94it/s]
 24%|██▍       | 12/50 [00:00<00:01, 29.94it/s]
 30%|███       | 15/50 [00:00<00:01, 29.96it/s]
 36%|███▌      | 18/50 [00:00<00:01, 29.95it/s]
 42%|████▏     | 21/50 [00:00<00:00, 29.95it/s]
 48%|████▊     | 24/50 [00:00<00:00, 29.96it/s]
 54%|█████▍    | 27/50 [00:00<00:00, 29.96it/s]
 60%|██████    | 30/50 [00:01<00:00, 29.96it/s]
 66%|██████▌   | 33/50 [00:01<00:00, 29.96it/s]
 72%|███████▏  | 36/50 [00:01<00:00, 29.97it/s]
 78%|███████▊  | 39/50 [00:01<00:00, 29.97it/s]
 84%|████████▍ | 42/50 [00:01<00:00, 29.97it/s]
 90%|█████████ | 45/50 [00:01<00:00, 29.97it/s]
 96%|█████████▌| 48/50 [00:01<00:00, 29.96it/s]
100%|██████████| 50/50 [00:01<00:00, 29.96it/s]
Total denoising time: 1.67
Total controlnet time: 0.00
Total unet time: 1.62
Load LoRA latency: 0.00
End2End inference latency: 1.80
==============================
Prompt: a photograph of a house on a mountain, 4k, clean background
Reference image: /project/infattllm/slida/katz-ae-images/images_sdxl_t2i/image_12_depth.png

  0%|          | 0/50 [00:00<?, ?it/s]
  6%|▌         | 3/50 [00:00<00:01, 29.83it/s]
 12%|█▏        | 6/50 [00:00<00:01, 29.87it/s]
 18%|█▊        | 9/50 [00:00<00:01, 29.92it/s]
 24%|██▍       | 12/50 [00:00<00:01, 29.93it/s]
 30%|███       | 15/50 [00:00<00:01, 29.93it/s]
 36%|███▌      | 18/50 [00:00<00:01, 29.94it/s]
 42%|████▏     | 21/50 [00:00<00:00, 29.95it/s]
 48%|████▊     | 24/50 [00:00<00:00, 29.94it/s]
 54%|█████▍    | 27/50 [00:00<00:00, 29.92it/s]
 60%|██████    | 30/50 [00:01<00:00, 29.92it/s]
 66%|██████▌   | 33/50 [00:01<00:00, 29.93it/s]
 72%|███████▏  | 36/50 [00:01<00:00, 29.92it/s]
 78%|███████▊  | 39/50 [00:01<00:00, 29.93it/s]
 84%|████████▍ | 42/50 [00:01<00:00, 29.93it/s]
 90%|█████████ | 45/50 [00:01<00:00, 29.93it/s]
 96%|█████████▌| 48/50 [00:01<00:00, 29.93it/s]
100%|██████████| 50/50 [00:01<00:00, 29.93it/s]
Total denoising time: 1.67
Total controlnet time: 0.00
Total unet time: 1.62
Load LoRA latency: 0.00
End2End inference latency: 1.81
==============================
Prompt: an owl standing on a wire, 4k, clean background
Reference image: /project/infattllm/slida/katz-ae-images/images_sdxl_t2i/image_13_depth.png

  0%|          | 0/50 [00:00<?, ?it/s]
  6%|▌         | 3/50 [00:00<00:01, 29.83it/s]
 12%|█▏        | 6/50 [00:00<00:01, 29.90it/s]
 18%|█▊        | 9/50 [00:00<00:01, 29.91it/s]
 24%|██▍       | 12/50 [00:00<00:01, 29.93it/s]
 30%|███       | 15/50 [00:00<00:01, 29.95it/s]
 36%|███▌      | 18/50 [00:00<00:01, 29.95it/s]
 42%|████▏     | 21/50 [00:00<00:00, 29.95it/s]
 48%|████▊     | 24/50 [00:00<00:00, 29.95it/s]
 54%|█████▍    | 27/50 [00:00<00:00, 29.96it/s]
 60%|██████    | 30/50 [00:01<00:00, 29.95it/s]
 66%|██████▌   | 33/50 [00:01<00:00, 29.95it/s]
 72%|███████▏  | 36/50 [00:01<00:00, 29.94it/s]
 78%|███████▊  | 39/50 [00:01<00:00, 29.95it/s]
 84%|████████▍ | 42/50 [00:01<00:00, 29.95it/s]
 90%|█████████ | 45/50 [00:01<00:00, 29.95it/s]
 96%|█████████▌| 48/50 [00:01<00:00, 29.95it/s]
100%|██████████| 50/50 [00:01<00:00, 29.94it/s]
Total denoising time: 1.67
Total controlnet time: 0.00
Total unet time: 1.63
Load LoRA latency: 0.00
End2End inference latency: 1.80
==============================
Prompt: a kids' book cover with an illustration of white dog driving a red pickup truck, 4k, clean background
Reference image: /project/infattllm/slida/katz-ae-images/images_sdxl_t2i/image_14_depth.png

  0%|          | 0/50 [00:00<?, ?it/s]
  6%|▌         | 3/50 [00:00<00:01, 29.87it/s]
 12%|█▏        | 6/50 [00:00<00:01, 29.90it/s]
 18%|█▊        | 9/50 [00:00<00:01, 29.92it/s]
 24%|██▍       | 12/50 [00:00<00:01, 29.93it/s]
 30%|███       | 15/50 [00:00<00:01, 29.94it/s]
 36%|███▌      | 18/50 [00:00<00:01, 29.94it/s]
 42%|████▏     | 21/50 [00:00<00:00, 29.94it/s]
 48%|████▊     | 24/50 [00:00<00:00, 29.93it/s]
 54%|█████▍    | 27/50 [00:00<00:00, 29.94it/s]
 60%|██████    | 30/50 [00:01<00:00, 29.93it/s]
 66%|██████▌   | 33/50 [00:01<00:00, 29.94it/s]
 72%|███████▏  | 36/50 [00:01<00:00, 29.92it/s]
 78%|███████▊  | 39/50 [00:01<00:00, 29.93it/s]
 84%|████████▍ | 42/50 [00:01<00:00, 29.93it/s]
 90%|█████████ | 45/50 [00:01<00:00, 29.93it/s]
 96%|█████████▌| 48/50 [00:01<00:00, 29.92it/s]
100%|██████████| 50/50 [00:01<00:00, 29.93it/s]
Total denoising time: 1.67
Total controlnet time: 0.00
Total unet time: 1.63
Load LoRA latency: 0.00
End2End inference latency: 1.81
==============================
Prompt: a subway train coming out of a tunnel, 4k, clean background
Reference image: /project/infattllm/slida/katz-ae-images/images_sdxl_t2i/image_15_depth.png

  0%|          | 0/50 [00:00<?, ?it/s]
  6%|▌         | 3/50 [00:00<00:01, 29.90it/s]
 12%|█▏        | 6/50 [00:00<00:01, 29.91it/s]
 18%|█▊        | 9/50 [00:00<00:01, 29.93it/s]
 24%|██▍       | 12/50 [00:00<00:01, 29.95it/s]
 30%|███       | 15/50 [00:00<00:01, 29.96it/s]
 36%|███▌      | 18/50 [00:00<00:01, 29.95it/s]
 42%|████▏     | 21/50 [00:00<00:00, 29.95it/s]
 48%|████▊     | 24/50 [00:00<00:00, 29.96it/s]
 54%|█████▍    | 27/50 [00:00<00:00, 29.96it/s]
 60%|██████    | 30/50 [00:01<00:00, 29.96it/s]
 66%|██████▌   | 33/50 [00:01<00:00, 29.96it/s]
 72%|███████▏  | 36/50 [00:01<00:00, 29.96it/s]
 78%|███████▊  | 39/50 [00:01<00:00, 29.96it/s]
 84%|████████▍ | 42/50 [00:01<00:00, 29.96it/s]
 90%|█████████ | 45/50 [00:01<00:00, 29.96it/s]
 96%|█████████▌| 48/50 [00:01<00:00, 29.97it/s]
100%|██████████| 50/50 [00:01<00:00, 29.95it/s]
Total denoising time: 1.67
Total controlnet time: 0.00
Total unet time: 1.63
Load LoRA latency: 0.00
End2End inference latency: 1.80
==============================
Prompt: a stone path leading away from a fountain, 4k, clean background
Reference image: /project/infattllm/slida/katz-ae-images/images_sdxl_t2i/image_16_depth.png

  0%|          | 0/50 [00:00<?, ?it/s]
  6%|▌         | 3/50 [00:00<00:01, 29.88it/s]
 12%|█▏        | 6/50 [00:00<00:01, 29.92it/s]
 18%|█▊        | 9/50 [00:00<00:01, 29.94it/s]
 24%|██▍       | 12/50 [00:00<00:01, 29.94it/s]
 30%|███       | 15/50 [00:00<00:01, 29.94it/s]
 36%|███▌      | 18/50 [00:00<00:01, 29.95it/s]
 42%|████▏     | 21/50 [00:00<00:00, 29.95it/s]
 48%|████▊     | 24/50 [00:00<00:00, 29.93it/s]
 54%|█████▍    | 27/50 [00:00<00:00, 29.93it/s]
 60%|██████    | 30/50 [00:01<00:00, 29.92it/s]
 66%|██████▌   | 33/50 [00:01<00:00, 29.94it/s]
 72%|███████▏  | 36/50 [00:01<00:00, 29.93it/s]
 78%|███████▊  | 39/50 [00:01<00:00, 29.92it/s]
 84%|████████▍ | 42/50 [00:01<00:00, 29.93it/s]
 90%|█████████ | 45/50 [00:01<00:00, 29.94it/s]
 96%|█████████▌| 48/50 [00:01<00:00, 29.93it/s]
100%|██████████| 50/50 [00:01<00:00, 29.93it/s]
Total denoising time: 1.67
Total controlnet time: 0.00
Total unet time: 1.63
Load LoRA latency: 0.00
End2End inference latency: 1.80
==============================
Prompt: an antique car by a beach, 4k, clean background
Reference image: /project/infattllm/slida/katz-ae-images/images_sdxl_t2i/image_17_depth.png

  0%|          | 0/50 [00:00<?, ?it/s]
  6%|▌         | 3/50 [00:00<00:01, 29.92it/s]
 12%|█▏        | 6/50 [00:00<00:01, 29.91it/s]
 18%|█▊        | 9/50 [00:00<00:01, 29.93it/s]
 24%|██▍       | 12/50 [00:00<00:01, 29.93it/s]
 30%|███       | 15/50 [00:00<00:01, 29.94it/s]
 36%|███▌      | 18/50 [00:00<00:01, 29.95it/s]
 42%|████▏     | 21/50 [00:00<00:00, 29.95it/s]
 48%|████▊     | 24/50 [00:00<00:00, 29.96it/s]
 54%|█████▍    | 27/50 [00:00<00:00, 29.96it/s]
 60%|██████    | 30/50 [00:01<00:00, 29.95it/s]
 66%|██████▌   | 33/50 [00:01<00:00, 29.96it/s]
 72%|███████▏  | 36/50 [00:01<00:00, 29.95it/s]
 78%|███████▊  | 39/50 [00:01<00:00, 29.95it/s]
 84%|████████▍ | 42/50 [00:01<00:00, 29.95it/s]
 90%|█████████ | 45/50 [00:01<00:00, 29.96it/s]
 96%|█████████▌| 48/50 [00:01<00:00, 29.96it/s]
100%|██████████| 50/50 [00:01<00:00, 29.95it/s]
Total denoising time: 1.67
Total controlnet time: 0.00
Total unet time: 1.63
Load LoRA latency: 0.00
End2End inference latency: 1.80
==============================
Prompt: black hi-top sneakers with the Nike swoosh, 4k, clean background
Reference image: /project/infattllm/slida/katz-ae-images/images_sdxl_t2i/image_18_depth.png

  0%|          | 0/50 [00:00<?, ?it/s]
  6%|▌         | 3/50 [00:00<00:01, 29.88it/s]
 14%|█▍        | 7/50 [00:00<00:01, 29.95it/s]
 20%|██        | 10/50 [00:00<00:01, 29.95it/s]
 26%|██▌       | 13/50 [00:00<00:01, 29.94it/s]
 32%|███▏      | 16/50 [00:00<00:01, 29.94it/s]
 38%|███▊      | 19/50 [00:00<00:01, 29.93it/s]
 44%|████▍     | 22/50 [00:00<00:00, 29.93it/s]
 50%|█████     | 25/50 [00:00<00:00, 29.93it/s]
 56%|█████▌    | 28/50 [00:00<00:00, 29.93it/s]
 62%|██████▏   | 31/50 [00:01<00:00, 29.92it/s]
 68%|██████▊   | 34/50 [00:01<00:00, 29.91it/s]
 74%|███████▍  | 37/50 [00:01<00:00, 29.92it/s]
 80%|████████  | 40/50 [00:01<00:00, 29.93it/s]
 86%|████████▌ | 43/50 [00:01<00:00, 29.92it/s]
 92%|█████████▏| 46/50 [00:01<00:00, 29.93it/s]
 98%|█████████▊| 49/50 [00:01<00:00, 29.92it/s]
100%|██████████| 50/50 [00:01<00:00, 29.92it/s]
Total denoising time: 1.67
Total controlnet time: 0.00
Total unet time: 1.63
Load LoRA latency: 0.00
End2End inference latency: 1.80
==============================
Prompt: a witch riding a broom, 4k, clean background
Reference image: /project/infattllm/slida/katz-ae-images/images_sdxl_t2i/image_19_depth.png

  0%|          | 0/50 [00:00<?, ?it/s]
  6%|▌         | 3/50 [00:00<00:01, 29.85it/s]
 12%|█▏        | 6/50 [00:00<00:01, 29.90it/s]
 18%|█▊        | 9/50 [00:00<00:01, 29.92it/s]
 24%|██▍       | 12/50 [00:00<00:01, 29.94it/s]
 30%|███       | 15/50 [00:00<00:01, 29.95it/s]
 36%|███▌      | 18/50 [00:00<00:01, 29.95it/s]
 42%|████▏     | 21/50 [00:00<00:00, 29.95it/s]
 48%|████▊     | 24/50 [00:00<00:00, 29.95it/s]
 54%|█████▍    | 27/50 [00:00<00:00, 29.95it/s]
 60%|██████    | 30/50 [00:01<00:00, 29.95it/s]
 66%|██████▌   | 33/50 [00:01<00:00, 29.95it/s]
 72%|███████▏  | 36/50 [00:01<00:00, 29.95it/s]
 78%|███████▊  | 39/50 [00:01<00:00, 29.95it/s]
 84%|████████▍ | 42/50 [00:01<00:00, 29.95it/s]
 90%|█████████ | 45/50 [00:01<00:00, 29.95it/s]
 96%|█████████▌| 48/50 [00:01<00:00, 29.95it/s]
100%|██████████| 50/50 [00:01<00:00, 29.94it/s]
Total denoising time: 1.67
Total controlnet time: 0.00
Total unet time: 1.62
Load LoRA latency: 0.00
End2End inference latency: 1.80
==============================
Prompt: a sword in a stone, 4k, clean background
Reference image: /project/infattllm/slida/katz-ae-images/images_sdxl_t2i/image_20_depth.png

  0%|          | 0/50 [00:00<?, ?it/s]
  6%|▌         | 3/50 [00:00<00:01, 29.91it/s]
 12%|█▏        | 6/50 [00:00<00:01, 29.94it/s]
 18%|█▊        | 9/50 [00:00<00:01, 29.93it/s]
 24%|██▍       | 12/50 [00:00<00:01, 29.95it/s]
 30%|███       | 15/50 [00:00<00:01, 29.95it/s]
 36%|███▌      | 18/50 [00:00<00:01, 29.95it/s]
 42%|████▏     | 21/50 [00:00<00:00, 29.95it/s]
 48%|████▊     | 24/50 [00:00<00:00, 29.93it/s]
 54%|█████▍    | 27/50 [00:00<00:00, 29.94it/s]
 60%|██████    | 30/50 [00:01<00:00, 29.93it/s]
 66%|██████▌   | 33/50 [00:01<00:00, 29.94it/s]
 72%|███████▏  | 36/50 [00:01<00:00, 29.92it/s]
 78%|███████▊  | 39/50 [00:01<00:00, 29.93it/s]
 84%|████████▍ | 42/50 [00:01<00:00, 29.93it/s]
 90%|█████████ | 45/50 [00:01<00:00, 29.93it/s]
 96%|█████████▌| 48/50 [00:01<00:00, 29.92it/s]
100%|██████████| 50/50 [00:01<00:00, 29.93it/s]
Total denoising time: 1.67
Total controlnet time: 0.00
Total unet time: 1.63
Load LoRA latency: 0.00
End2End inference latency: 1.80
==============================
Prompt: cash on a wooden table, 4k, clean background
Reference image: /project/infattllm/slida/katz-ae-images/images_sdxl_t2i/image_21_depth.png

  0%|          | 0/50 [00:00<?, ?it/s]
  6%|▌         | 3/50 [00:00<00:01, 29.85it/s]
 12%|█▏        | 6/50 [00:00<00:01, 29.90it/s]
 18%|█▊        | 9/50 [00:00<00:01, 29.92it/s]
 24%|██▍       | 12/50 [00:00<00:01, 29.92it/s]
 30%|███       | 15/50 [00:00<00:01, 29.93it/s]
 36%|███▌      | 18/50 [00:00<00:01, 29.93it/s]
 42%|████▏     | 21/50 [00:00<00:00, 29.94it/s]
 48%|████▊     | 24/50 [00:00<00:00, 29.94it/s]
 54%|█████▍    | 27/50 [00:00<00:00, 29.95it/s]
 60%|██████    | 30/50 [00:01<00:00, 29.95it/s]
 66%|██████▌   | 33/50 [00:01<00:00, 29.95it/s]
 72%|███████▏  | 36/50 [00:01<00:00, 29.95it/s]
 78%|███████▊  | 39/50 [00:01<00:00, 29.95it/s]
 84%|████████▍ | 42/50 [00:01<00:00, 29.94it/s]
 90%|█████████ | 45/50 [00:01<00:00, 29.95it/s]
 96%|█████████▌| 48/50 [00:01<00:00, 29.95it/s]
100%|██████████| 50/50 [00:01<00:00, 29.94it/s]
Total denoising time: 1.67
Total controlnet time: 0.00
Total unet time: 1.63
Load LoRA latency: 0.00
End2End inference latency: 1.81
==============================
Prompt: the Millennium Wheel in a snow storm, 4k, clean background
Reference image: /project/infattllm/slida/katz-ae-images/images_sdxl_t2i/image_22_depth.png

  0%|          | 0/50 [00:00<?, ?it/s]
  6%|▌         | 3/50 [00:00<00:01, 29.89it/s]
 12%|█▏        | 6/50 [00:00<00:01, 29.94it/s]
 18%|█▊        | 9/50 [00:00<00:01, 29.96it/s]
 24%|██▍       | 12/50 [00:00<00:01, 29.96it/s]
 30%|███       | 15/50 [00:00<00:01, 29.94it/s]
 36%|███▌      | 18/50 [00:00<00:01, 29.95it/s]
 42%|████▏     | 21/50 [00:00<00:00, 29.95it/s]
 48%|████▊     | 24/50 [00:00<00:00, 29.94it/s]
 54%|█████▍    | 27/50 [00:00<00:00, 29.94it/s]
 60%|██████    | 30/50 [00:01<00:00, 29.94it/s]
 66%|██████▌   | 33/50 [00:01<00:00, 29.94it/s]
 72%|███████▏  | 36/50 [00:01<00:00, 29.94it/s]
 78%|███████▊  | 39/50 [00:01<00:00, 29.93it/s]
 84%|████████▍ | 42/50 [00:01<00:00, 29.93it/s]
 90%|█████████ | 45/50 [00:01<00:00, 29.93it/s]
 96%|█████████▌| 48/50 [00:01<00:00, 29.94it/s]
100%|██████████| 50/50 [00:01<00:00, 29.94it/s]
Total denoising time: 1.67
Total controlnet time: 0.00
Total unet time: 1.63
Load LoRA latency: 0.00
End2End inference latency: 1.81
==============================
Prompt: a knight holding a long sword, 4k, clean background
Reference image: /project/infattllm/slida/katz-ae-images/images_sdxl_t2i/image_23_depth.png

  0%|          | 0/50 [00:00<?, ?it/s]
  6%|▌         | 3/50 [00:00<00:01, 29.89it/s]
 12%|█▏        | 6/50 [00:00<00:01, 29.89it/s]
 18%|█▊        | 9/50 [00:00<00:01, 29.93it/s]
 24%|██▍       | 12/50 [00:00<00:01, 29.95it/s]
 32%|███▏      | 16/50 [00:00<00:01, 29.97it/s]
 40%|████      | 20/50 [00:00<00:01, 29.99it/s]
 46%|████▌     | 23/50 [00:00<00:00, 29.99it/s]
 54%|█████▍    | 27/50 [00:00<00:00, 30.00it/s]
 60%|██████    | 30/50 [00:01<00:00, 29.98it/s]
 68%|██████▊   | 34/50 [00:01<00:00, 29.99it/s]
 74%|███████▍  | 37/50 [00:01<00:00, 29.98it/s]
 82%|████████▏ | 41/50 [00:01<00:00, 29.99it/s]
 90%|█████████ | 45/50 [00:01<00:00, 30.00it/s]
 98%|█████████▊| 49/50 [00:01<00:00, 30.00it/s]
100%|██████████| 50/50 [00:01<00:00, 29.98it/s]
Total denoising time: 1.67
Total controlnet time: 0.00
Total unet time: 1.62
Load LoRA latency: 0.00
End2End inference latency: 1.80
==============================
Prompt: a smiling sloth, 4k, clean background
Reference image: /project/infattllm/slida/katz-ae-images/images_sdxl_t2i/image_24_depth.png

  0%|          | 0/50 [00:00<?, ?it/s]
  6%|▌         | 3/50 [00:00<00:01, 29.86it/s]
 12%|█▏        | 6/50 [00:00<00:01, 29.92it/s]
 18%|█▊        | 9/50 [00:00<00:01, 29.95it/s]
 24%|██▍       | 12/50 [00:00<00:01, 29.95it/s]
 30%|███       | 15/50 [00:00<00:01, 29.95it/s]
 36%|███▌      | 18/50 [00:00<00:01, 29.93it/s]
 42%|████▏     | 21/50 [00:00<00:00, 29.93it/s]
 48%|████▊     | 24/50 [00:00<00:00, 29.93it/s]
 54%|█████▍    | 27/50 [00:00<00:00, 29.95it/s]
 60%|██████    | 30/50 [00:01<00:00, 29.96it/s]
 66%|██████▌   | 33/50 [00:01<00:00, 29.96it/s]
 72%|███████▏  | 36/50 [00:01<00:00, 29.97it/s]
 78%|███████▊  | 39/50 [00:01<00:00, 29.96it/s]
 84%|████████▍ | 42/50 [00:01<00:00, 29.96it/s]
 90%|█████████ | 45/50 [00:01<00:00, 29.97it/s]
 96%|█████████▌| 48/50 [00:01<00:00, 29.97it/s]
100%|██████████| 50/50 [00:01<00:00, 29.95it/s]
Total denoising time: 1.67
Total controlnet time: 0.00
Total unet time: 1.63
Load LoRA latency: 0.00
End2End inference latency: 1.80
==============================
Prompt: a bundle of blue and yellow flowers in a vase, 4k, clean background
Reference image: /project/infattllm/slida/katz-ae-images/images_sdxl_t2i/image_25_depth.png

  0%|          | 0/50 [00:00<?, ?it/s]
  6%|▌         | 3/50 [00:00<00:01, 29.81it/s]
 12%|█▏        | 6/50 [00:00<00:01, 29.89it/s]
 18%|█▊        | 9/50 [00:00<00:01, 29.92it/s]
 24%|██▍       | 12/50 [00:00<00:01, 29.93it/s]
 30%|███       | 15/50 [00:00<00:01, 29.95it/s]
 36%|███▌      | 18/50 [00:00<00:01, 29.96it/s]
 44%|████▍     | 22/50 [00:00<00:00, 29.98it/s]
 50%|█████     | 25/50 [00:00<00:00, 29.96it/s]
 56%|█████▌    | 28/50 [00:00<00:00, 29.97it/s]
 62%|██████▏   | 31/50 [00:01<00:00, 29.98it/s]
 68%|██████▊   | 34/50 [00:01<00:00, 29.98it/s]
 74%|███████▍  | 37/50 [00:01<00:00, 29.99it/s]
 80%|████████  | 40/50 [00:01<00:00, 29.98it/s]
 88%|████████▊ | 44/50 [00:01<00:00, 29.99it/s]
 96%|█████████▌| 48/50 [00:01<00:00, 29.99it/s]
100%|██████████| 50/50 [00:01<00:00, 29.97it/s]
Total denoising time: 1.67
Total controlnet time: 0.00
Total unet time: 1.63
Load LoRA latency: 0.00
End2End inference latency: 1.80
==============================
Prompt: a cat coming through a cat door, 4k, clean background
Reference image: /project/infattllm/slida/katz-ae-images/images_sdxl_t2i/image_26_depth.png

  0%|          | 0/50 [00:00<?, ?it/s]
  6%|▌         | 3/50 [00:00<00:01, 29.89it/s]
 12%|█▏        | 6/50 [00:00<00:01, 29.92it/s]
 18%|█▊        | 9/50 [00:00<00:01, 29.96it/s]
 24%|██▍       | 12/50 [00:00<00:01, 29.96it/s]
 30%|███       | 15/50 [00:00<00:01, 29.95it/s]
 38%|███▊      | 19/50 [00:00<00:01, 29.97it/s]
 44%|████▍     | 22/50 [00:00<00:00, 29.97it/s]
 52%|█████▏    | 26/50 [00:00<00:00, 29.97it/s]
 58%|█████▊    | 29/50 [00:00<00:00, 29.98it/s]
 64%|██████▍   | 32/50 [00:01<00:00, 29.97it/s]
 70%|███████   | 35/50 [00:01<00:00, 29.96it/s]
 76%|███████▌  | 38/50 [00:01<00:00, 29.96it/s]
 82%|████████▏ | 41/50 [00:01<00:00, 29.97it/s]
 88%|████████▊ | 44/50 [00:01<00:00, 29.97it/s]
 96%|█████████▌| 48/50 [00:01<00:00, 29.98it/s]
100%|██████████| 50/50 [00:01<00:00, 29.97it/s]
Total denoising time: 1.67
Total controlnet time: 0.00
Total unet time: 1.63
Load LoRA latency: 0.00
End2End inference latency: 1.80
==============================
Prompt: a pickup truck going up a mountain switchback, 4k, clean background
Reference image: /project/infattllm/slida/katz-ae-images/images_sdxl_t2i/image_27_depth.png

  0%|          | 0/50 [00:00<?, ?it/s]
  6%|▌         | 3/50 [00:00<00:01, 29.93it/s]
 14%|█▍        | 7/50 [00:00<00:01, 29.99it/s]
 20%|██        | 10/50 [00:00<00:01, 29.97it/s]
 26%|██▌       | 13/50 [00:00<00:01, 29.97it/s]
 32%|███▏      | 16/50 [00:00<00:01, 29.97it/s]
 40%|████      | 20/50 [00:00<00:01, 30.00it/s]
 46%|████▌     | 23/50 [00:00<00:00, 29.99it/s]
 54%|█████▍    | 27/50 [00:00<00:00, 30.00it/s]
 60%|██████    | 30/50 [00:01<00:00, 29.99it/s]
 68%|██████▊   | 34/50 [00:01<00:00, 30.00it/s]
 76%|███████▌  | 38/50 [00:01<00:00, 30.01it/s]
 84%|████████▍ | 42/50 [00:01<00:00, 30.00it/s]
 92%|█████████▏| 46/50 [00:01<00:00, 30.00it/s]
100%|██████████| 50/50 [00:01<00:00, 30.01it/s]
100%|██████████| 50/50 [00:01<00:00, 29.99it/s]
Total denoising time: 1.67
Total controlnet time: 0.00
Total unet time: 1.63
Load LoRA latency: 0.00
End2End inference latency: 1.80
==============================
Prompt: a street in Paris, 4k, clean background
Reference image: /project/infattllm/slida/katz-ae-images/images_sdxl_t2i/image_28_depth.png

  0%|          | 0/50 [00:00<?, ?it/s]
  6%|▌         | 3/50 [00:00<00:01, 29.86it/s]
 14%|█▍        | 7/50 [00:00<00:01, 29.98it/s]
 20%|██        | 10/50 [00:00<00:01, 29.98it/s]
 28%|██▊       | 14/50 [00:00<00:01, 30.00it/s]
 34%|███▍      | 17/50 [00:00<00:01, 29.99it/s]
 42%|████▏     | 21/50 [00:00<00:00, 29.99it/s]
 48%|████▊     | 24/50 [00:00<00:00, 29.99it/s]
 54%|█████▍    | 27/50 [00:00<00:00, 29.97it/s]
 60%|██████    | 30/50 [00:01<00:00, 29.97it/s]
 66%|██████▌   | 33/50 [00:01<00:00, 29.97it/s]
 72%|███████▏  | 36/50 [00:01<00:00, 29.98it/s]
 78%|███████▊  | 39/50 [00:01<00:00, 29.98it/s]
 86%|████████▌ | 43/50 [00:01<00:00, 29.99it/s]
 92%|█████████▏| 46/50 [00:01<00:00, 29.98it/s]
100%|██████████| 50/50 [00:01<00:00, 29.99it/s]
100%|██████████| 50/50 [00:01<00:00, 29.98it/s]
Total denoising time: 1.67
Total controlnet time: 0.00
Total unet time: 1.63
Load LoRA latency: 0.00
End2End inference latency: 1.80
==============================
Prompt: a teddy bear on a skateboard, 4k, clean background
Reference image: /project/infattllm/slida/katz-ae-images/images_sdxl_t2i/image_29_depth.png

  0%|          | 0/50 [00:00<?, ?it/s]
  6%|▌         | 3/50 [00:00<00:01, 29.91it/s]
 12%|█▏        | 6/50 [00:00<00:01, 29.95it/s]
 18%|█▊        | 9/50 [00:00<00:01, 29.97it/s]
 26%|██▌       | 13/50 [00:00<00:01, 29.98it/s]
 32%|███▏      | 16/50 [00:00<00:01, 29.98it/s]
 40%|████      | 20/50 [00:00<00:01, 30.00it/s]
 48%|████▊     | 24/50 [00:00<00:00, 30.01it/s]
 56%|█████▌    | 28/50 [00:00<00:00, 30.00it/s]
 64%|██████▍   | 32/50 [00:01<00:00, 30.01it/s]
 72%|███████▏  | 36/50 [00:01<00:00, 30.01it/s]
 80%|████████  | 40/50 [00:01<00:00, 30.01it/s]
 88%|████████▊ | 44/50 [00:01<00:00, 30.01it/s]
 96%|█████████▌| 48/50 [00:01<00:00, 30.01it/s]
100%|██████████| 50/50 [00:01<00:00, 30.00it/s]
Total denoising time: 1.67
Total controlnet time: 0.00
Total unet time: 1.63
Load LoRA latency: 0.00
End2End inference latency: 1.80
==============================
Prompt: a man with wild hair looking into a crystal ball, 4k, clean background
Reference image: /project/infattllm/slida/katz-ae-images/images_sdxl_t2i/image_30_depth.png

  0%|          | 0/50 [00:00<?, ?it/s]
  6%|▌         | 3/50 [00:00<00:01, 29.89it/s]
 14%|█▍        | 7/50 [00:00<00:01, 29.98it/s]
 20%|██        | 10/50 [00:00<00:01, 29.99it/s]
 28%|██▊       | 14/50 [00:00<00:01, 29.99it/s]
 36%|███▌      | 18/50 [00:00<00:01, 30.00it/s]
 44%|████▍     | 22/50 [00:00<00:00, 29.99it/s]
 52%|█████▏    | 26/50 [00:00<00:00, 29.99it/s]
 58%|█████▊    | 29/50 [00:00<00:00, 29.99it/s]
 64%|██████▍   | 32/50 [00:01<00:00, 29.98it/s]
 70%|███████   | 35/50 [00:01<00:00, 29.97it/s]
 76%|███████▌  | 38/50 [00:01<00:00, 29.97it/s]
 82%|████████▏ | 41/50 [00:01<00:00, 29.96it/s]
 88%|████████▊ | 44/50 [00:01<00:00, 29.97it/s]
 94%|█████████▍| 47/50 [00:01<00:00, 29.97it/s]
100%|██████████| 50/50 [00:01<00:00, 29.98it/s]
Total denoising time: 1.67
Total controlnet time: 0.00
Total unet time: 1.63
Load LoRA latency: 0.00
End2End inference latency: 1.80
==============================
Prompt: a sunset behind the grand canyon, 4k, clean background
Reference image: /project/infattllm/slida/katz-ae-images/images_sdxl_t2i/image_31_depth.png

  0%|          | 0/50 [00:00<?, ?it/s]
  6%|▌         | 3/50 [00:00<00:01, 29.93it/s]
 12%|█▏        | 6/50 [00:00<00:01, 29.97it/s]
 18%|█▊        | 9/50 [00:00<00:01, 29.97it/s]
 24%|██▍       | 12/50 [00:00<00:01, 29.98it/s]
 30%|███       | 15/50 [00:00<00:01, 29.98it/s]
 36%|███▌      | 18/50 [00:00<00:01, 29.97it/s]
 42%|████▏     | 21/50 [00:00<00:00, 29.98it/s]
 50%|█████     | 25/50 [00:00<00:00, 29.99it/s]
 58%|█████▊    | 29/50 [00:00<00:00, 30.00it/s]
 66%|██████▌   | 33/50 [00:01<00:00, 30.00it/s]
 74%|███████▍  | 37/50 [00:01<00:00, 30.01it/s]
 82%|████████▏ | 41/50 [00:01<00:00, 30.00it/s]
 90%|█████████ | 45/50 [00:01<00:00, 30.01it/s]
 98%|█████████▊| 49/50 [00:01<00:00, 30.00it/s]
100%|██████████| 50/50 [00:01<00:00, 29.99it/s]
Total denoising time: 1.67
Total controlnet time: 0.00
Total unet time: 1.62
Load LoRA latency: 0.00
End2End inference latency: 1.80
==============================
Prompt: a high-quality photograph of an armadillo playing a bagpipe while standing on one leg, 4k, clean background
Reference image: /project/infattllm/slida/katz-ae-images/images_sdxl_t2i/image_32_depth.png

  0%|          | 0/50 [00:00<?, ?it/s]
  6%|▌         | 3/50 [00:00<00:01, 29.91it/s]
 14%|█▍        | 7/50 [00:00<00:01, 29.99it/s]
 20%|██        | 10/50 [00:00<00:01, 29.99it/s]
 26%|██▌       | 13/50 [00:00<00:01, 29.99it/s]
 32%|███▏      | 16/50 [00:00<00:01, 29.98it/s]
 40%|████      | 20/50 [00:00<00:01, 30.00it/s]
 46%|████▌     | 23/50 [00:00<00:00, 29.99it/s]
 52%|█████▏    | 26/50 [00:00<00:00, 29.98it/s]
 58%|█████▊    | 29/50 [00:00<00:00, 29.98it/s]
 64%|██████▍   | 32/50 [00:01<00:00, 29.98it/s]
 70%|███████   | 35/50 [00:01<00:00, 29.97it/s]
 76%|███████▌  | 38/50 [00:01<00:00, 29.97it/s]
 82%|████████▏ | 41/50 [00:01<00:00, 29.97it/s]
 88%|████████▊ | 44/50 [00:01<00:00, 29.98it/s]
 94%|█████████▍| 47/50 [00:01<00:00, 29.98it/s]
100%|██████████| 50/50 [00:01<00:00, 29.98it/s]
100%|██████████| 50/50 [00:01<00:00, 29.98it/s]
Total denoising time: 1.67
Total controlnet time: 0.00
Total unet time: 1.63
Load LoRA latency: 0.00
End2End inference latency: 1.80
==============================
Prompt: a great gray owl with a mouse in its beak, 4k, clean background
Reference image: /project/infattllm/slida/katz-ae-images/images_sdxl_t2i/image_33_depth.png

  0%|          | 0/50 [00:00<?, ?it/s]
  6%|▌         | 3/50 [00:00<00:01, 29.90it/s]
 14%|█▍        | 7/50 [00:00<00:01, 29.97it/s]
 20%|██        | 10/50 [00:00<00:01, 29.96it/s]
 26%|██▌       | 13/50 [00:00<00:01, 29.97it/s]
 32%|███▏      | 16/50 [00:00<00:01, 29.97it/s]
 38%|███▊      | 19/50 [00:00<00:01, 29.89it/s]
 44%|████▍     | 22/50 [00:00<00:00, 29.91it/s]
 50%|█████     | 25/50 [00:00<00:00, 29.94it/s]
 56%|█████▌    | 28/50 [00:00<00:00, 29.95it/s]
 64%|██████▍   | 32/50 [00:01<00:00, 29.98it/s]
 72%|███████▏  | 36/50 [00:01<00:00, 29.99it/s]
 80%|████████  | 40/50 [00:01<00:00, 29.99it/s]
 88%|████████▊ | 44/50 [00:01<00:00, 30.00it/s]
 94%|█████████▍| 47/50 [00:01<00:00, 30.00it/s]
100%|██████████| 50/50 [00:01<00:00, 29.97it/s]
Total denoising time: 1.67
Total controlnet time: 0.00
Total unet time: 1.62
Load LoRA latency: 0.00
End2End inference latency: 1.80
==============================
Prompt: red apples on a tree with green leaves, 4k, clean background
Reference image: /project/infattllm/slida/katz-ae-images/images_sdxl_t2i/image_34_depth.png

  0%|          | 0/50 [00:00<?, ?it/s]
  6%|▌         | 3/50 [00:00<00:01, 29.91it/s]
 14%|█▍        | 7/50 [00:00<00:01, 29.98it/s]
 22%|██▏       | 11/50 [00:00<00:01, 30.00it/s]
 30%|███       | 15/50 [00:00<00:01, 30.00it/s]
 38%|███▊      | 19/50 [00:00<00:01, 30.01it/s]
 46%|████▌     | 23/50 [00:00<00:00, 30.00it/s]
 54%|█████▍    | 27/50 [00:00<00:00, 30.00it/s]
 60%|██████    | 30/50 [00:01<00:00, 29.95it/s]
 66%|██████▌   | 33/50 [00:01<00:00, 29.96it/s]
 72%|███████▏  | 36/50 [00:01<00:00, 29.97it/s]
 78%|███████▊  | 39/50 [00:01<00:00, 29.97it/s]
 84%|████████▍ | 42/50 [00:01<00:00, 29.97it/s]
 90%|█████████ | 45/50 [00:01<00:00, 29.97it/s]
 96%|█████████▌| 48/50 [00:01<00:00, 29.97it/s]
100%|██████████| 50/50 [00:01<00:00, 29.98it/s]
Total denoising time: 1.67
Total controlnet time: 0.00
Total unet time: 1.63
Load LoRA latency: 0.00
End2End inference latency: 1.80
==============================
Prompt: a tennis court with a basketball hoop in one corner, 4k, clean background
Reference image: /project/infattllm/slida/katz-ae-images/images_sdxl_t2i/image_35_depth.png

  0%|          | 0/50 [00:00<?, ?it/s]
  6%|▌         | 3/50 [00:00<00:01, 29.92it/s]
 12%|█▏        | 6/50 [00:00<00:01, 29.92it/s]
 20%|██        | 10/50 [00:00<00:01, 29.96it/s]
 26%|██▌       | 13/50 [00:00<00:01, 29.97it/s]
 32%|███▏      | 16/50 [00:00<00:01, 29.98it/s]
 38%|███▊      | 19/50 [00:00<00:01, 29.98it/s]
 44%|████▍     | 22/50 [00:00<00:00, 29.98it/s]
 50%|█████     | 25/50 [00:00<00:00, 29.98it/s]
 58%|█████▊    | 29/50 [00:00<00:00, 29.99it/s]
 64%|██████▍   | 32/50 [00:01<00:00, 29.99it/s]
 70%|███████   | 35/50 [00:01<00:00, 29.98it/s]
 78%|███████▊  | 39/50 [00:01<00:00, 30.00it/s]
 84%|████████▍ | 42/50 [00:01<00:00, 29.99it/s]
 92%|█████████▏| 46/50 [00:01<00:00, 29.99it/s]
 98%|█████████▊| 49/50 [00:01<00:00, 29.99it/s]
100%|██████████| 50/50 [00:01<00:00, 29.98it/s]
Total denoising time: 1.67
Total controlnet time: 0.00
Total unet time: 1.63
Load LoRA latency: 0.00
End2End inference latency: 1.80
==============================
Prompt: the Eiffel Tower in winter, 4k, clean background
Reference image: /project/infattllm/slida/katz-ae-images/images_sdxl_t2i/image_36_depth.png

  0%|          | 0/50 [00:00<?, ?it/s]
  6%|▌         | 3/50 [00:00<00:01, 29.90it/s]
 12%|█▏        | 6/50 [00:00<00:01, 29.95it/s]
 20%|██        | 10/50 [00:00<00:01, 29.99it/s]
 28%|██▊       | 14/50 [00:00<00:01, 29.99it/s]
 36%|███▌      | 18/50 [00:00<00:01, 29.99it/s]
 42%|████▏     | 21/50 [00:00<00:00, 29.99it/s]
 48%|████▊     | 24/50 [00:00<00:00, 29.99it/s]
 54%|█████▍    | 27/50 [00:00<00:00, 29.99it/s]
 60%|██████    | 30/50 [00:01<00:00, 29.99it/s]
 66%|██████▌   | 33/50 [00:01<00:00, 29.98it/s]
 72%|███████▏  | 36/50 [00:01<00:00, 29.98it/s]
 78%|███████▊  | 39/50 [00:01<00:00, 29.99it/s]
 84%|████████▍ | 42/50 [00:01<00:00, 29.98it/s]
 90%|█████████ | 45/50 [00:01<00:00, 29.99it/s]
 96%|█████████▌| 48/50 [00:01<00:00, 29.97it/s]
100%|██████████| 50/50 [00:01<00:00, 29.98it/s]
Total denoising time: 1.67
Total controlnet time: 0.00
Total unet time: 1.63
Load LoRA latency: 0.00
End2End inference latency: 1.80
==============================
Prompt: a photo of a phone from the 20s, 4k, clean background
Reference image: /project/infattllm/slida/katz-ae-images/images_sdxl_t2i/image_37_depth.png

  0%|          | 0/50 [00:00<?, ?it/s]
  6%|▌         | 3/50 [00:00<00:01, 29.87it/s]
 14%|█▍        | 7/50 [00:00<00:01, 29.96it/s]
 20%|██        | 10/50 [00:00<00:01, 29.95it/s]
 28%|██▊       | 14/50 [00:00<00:01, 29.97it/s]
 34%|███▍      | 17/50 [00:00<00:01, 29.96it/s]
 42%|████▏     | 21/50 [00:00<00:00, 29.97it/s]
 48%|████▊     | 24/50 [00:00<00:00, 29.98it/s]
 54%|█████▍    | 27/50 [00:00<00:00, 29.98it/s]
 62%|██████▏   | 31/50 [00:01<00:00, 29.99it/s]
 68%|██████▊   | 34/50 [00:01<00:00, 29.98it/s]
 76%|███████▌  | 38/50 [00:01<00:00, 29.99it/s]
 82%|████████▏ | 41/50 [00:01<00:00, 29.98it/s]
 90%|█████████ | 45/50 [00:01<00:00, 29.98it/s]
 98%|█████████▊| 49/50 [00:01<00:00, 29.99it/s]
100%|██████████| 50/50 [00:01<00:00, 29.98it/s]
Total denoising time: 1.67
Total controlnet time: 0.00
Total unet time: 1.63
Load LoRA latency: 0.00
End2End inference latency: 1.81
==============================
Prompt: a motorcycle in front of an rhinoceros, 4k, clean background
Reference image: /project/infattllm/slida/katz-ae-images/images_sdxl_t2i/image_38_depth.png

  0%|          | 0/50 [00:00<?, ?it/s]
  6%|▌         | 3/50 [00:00<00:01, 29.89it/s]
 14%|█▍        | 7/50 [00:00<00:01, 29.99it/s]
 22%|██▏       | 11/50 [00:00<00:01, 30.00it/s]
 28%|██▊       | 14/50 [00:00<00:01, 30.00it/s]
 36%|███▌      | 18/50 [00:00<00:01, 30.00it/s]
 44%|████▍     | 22/50 [00:00<00:00, 29.99it/s]
 52%|█████▏    | 26/50 [00:00<00:00, 29.99it/s]
 60%|██████    | 30/50 [00:01<00:00, 29.99it/s]
 66%|██████▌   | 33/50 [00:01<00:00, 29.98it/s]
 72%|███████▏  | 36/50 [00:01<00:00, 29.97it/s]
 78%|███████▊  | 39/50 [00:01<00:00, 29.98it/s]
 86%|████████▌ | 43/50 [00:01<00:00, 29.99it/s]
 92%|█████████▏| 46/50 [00:01<00:00, 29.98it/s]
 98%|█████████▊| 49/50 [00:01<00:00, 29.98it/s]
100%|██████████| 50/50 [00:01<00:00, 29.98it/s]
Total denoising time: 1.67
Total controlnet time: 0.00
Total unet time: 1.63
Load LoRA latency: 0.00
End2End inference latency: 1.80
==============================
Prompt: a whale breaching in front of the Sydney Opera House, 4k, clean background
Reference image: /project/infattllm/slida/katz-ae-images/images_sdxl_t2i/image_39_depth.png

  0%|          | 0/50 [00:00<?, ?it/s]
  6%|▌         | 3/50 [00:00<00:01, 29.86it/s]
 12%|█▏        | 6/50 [00:00<00:01, 29.91it/s]
 20%|██        | 10/50 [00:00<00:01, 29.96it/s]
 26%|██▌       | 13/50 [00:00<00:01, 29.96it/s]
 32%|███▏      | 16/50 [00:00<00:01, 29.96it/s]
 38%|███▊      | 19/50 [00:00<00:01, 29.96it/s]
 44%|████▍     | 22/50 [00:00<00:00, 29.96it/s]
 50%|█████     | 25/50 [00:00<00:00, 29.97it/s]
 56%|█████▌    | 28/50 [00:00<00:00, 29.97it/s]
 64%|██████▍   | 32/50 [00:01<00:00, 29.98it/s]
 70%|███████   | 35/50 [00:01<00:00, 29.98it/s]
 78%|███████▊  | 39/50 [00:01<00:00, 30.00it/s]
 86%|████████▌ | 43/50 [00:01<00:00, 30.00it/s]
 92%|█████████▏| 46/50 [00:01<00:00, 29.99it/s]
100%|██████████| 50/50 [00:01<00:00, 30.00it/s]
100%|██████████| 50/50 [00:01<00:00, 29.97it/s]
Total denoising time: 1.67
Total controlnet time: 0.00
Total unet time: 1.63
Load LoRA latency: 0.00
End2End inference latency: 1.80
==============================
Prompt: a tornado passing over a corn field, 4k, clean background
Reference image: /project/infattllm/slida/katz-ae-images/images_sdxl_t2i/image_40_depth.png

  0%|          | 0/50 [00:00<?, ?it/s]
  6%|▌         | 3/50 [00:00<00:01, 29.90it/s]
 14%|█▍        | 7/50 [00:00<00:01, 29.96it/s]
 22%|██▏       | 11/50 [00:00<00:01, 29.99it/s]
 30%|███       | 15/50 [00:00<00:01, 29.99it/s]
 36%|███▌      | 18/50 [00:00<00:01, 29.99it/s]
 42%|████▏     | 21/50 [00:00<00:00, 29.99it/s]
 48%|████▊     | 24/50 [00:00<00:00, 29.99it/s]
 54%|█████▍    | 27/50 [00:00<00:00, 29.99it/s]
 60%|██████    | 30/50 [00:01<00:00, 29.98it/s]
 66%|██████▌   | 33/50 [00:01<00:00, 29.98it/s]
 72%|███████▏  | 36/50 [00:01<00:00, 29.97it/s]
 78%|███████▊  | 39/50 [00:01<00:00, 29.97it/s]
 84%|████████▍ | 42/50 [00:01<00:00, 29.97it/s]
 90%|█████████ | 45/50 [00:01<00:00, 29.98it/s]
 96%|█████████▌| 48/50 [00:01<00:00, 29.97it/s]
100%|██████████| 50/50 [00:01<00:00, 29.98it/s]
Total denoising time: 1.67
Total controlnet time: 0.00
Total unet time: 1.63
Load LoRA latency: 0.00
End2End inference latency: 1.80
==============================
Prompt: a woman with tan skin in blue jeans and yellow shirt, 4k, clean background
Reference image: /project/infattllm/slida/katz-ae-images/images_sdxl_t2i/image_41_depth.png

  0%|          | 0/50 [00:00<?, ?it/s]
  6%|▌         | 3/50 [00:00<00:01, 29.87it/s]
 14%|█▍        | 7/50 [00:00<00:01, 29.96it/s]
 20%|██        | 10/50 [00:00<00:01, 29.95it/s]
 26%|██▌       | 13/50 [00:00<00:01, 29.97it/s]
 32%|███▏      | 16/50 [00:00<00:01, 29.97it/s]
 38%|███▊      | 19/50 [00:00<00:01, 29.98it/s]
 44%|████▍     | 22/50 [00:00<00:00, 29.97it/s]
 50%|█████     | 25/50 [00:00<00:00, 29.98it/s]
 56%|█████▌    | 28/50 [00:00<00:00, 29.98it/s]
 62%|██████▏   | 31/50 [00:01<00:00, 29.98it/s]
 68%|██████▊   | 34/50 [00:01<00:00, 29.97it/s]
 76%|███████▌  | 38/50 [00:01<00:00, 29.99it/s]
 82%|████████▏ | 41/50 [00:01<00:00, 29.99it/s]
 88%|████████▊ | 44/50 [00:01<00:00, 29.99it/s]
 94%|█████████▍| 47/50 [00:01<00:00, 29.99it/s]
100%|██████████| 50/50 [00:01<00:00, 29.99it/s]
100%|██████████| 50/50 [00:01<00:00, 29.97it/s]
Total denoising time: 1.67
Total controlnet time: 0.00
Total unet time: 1.63
Load LoRA latency: 0.00
End2End inference latency: 1.81
==============================
Prompt: milk pouring into a large glass, 4k, clean background
Reference image: /project/infattllm/slida/katz-ae-images/images_sdxl_t2i/image_42_depth.png

  0%|          | 0/50 [00:00<?, ?it/s]
  6%|▌         | 3/50 [00:00<00:01, 29.89it/s]
 14%|█▍        | 7/50 [00:00<00:01, 29.97it/s]
 22%|██▏       | 11/50 [00:00<00:01, 29.99it/s]
 28%|██▊       | 14/50 [00:00<00:01, 29.99it/s]
 36%|███▌      | 18/50 [00:00<00:01, 29.99it/s]
 44%|████▍     | 22/50 [00:00<00:00, 30.00it/s]
 50%|█████     | 25/50 [00:00<00:00, 30.00it/s]
 56%|█████▌    | 28/50 [00:00<00:00, 29.99it/s]
 62%|██████▏   | 31/50 [00:01<00:00, 29.99it/s]
 68%|██████▊   | 34/50 [00:01<00:00, 29.99it/s]
 74%|███████▍  | 37/50 [00:01<00:00, 29.98it/s]
 80%|████████  | 40/50 [00:01<00:00, 29.98it/s]
 86%|████████▌ | 43/50 [00:01<00:00, 29.97it/s]
 92%|█████████▏| 46/50 [00:01<00:00, 29.97it/s]
 98%|█████████▊| 49/50 [00:01<00:00, 29.97it/s]
100%|██████████| 50/50 [00:01<00:00, 29.98it/s]
Total denoising time: 1.67
Total controlnet time: 0.00
Total unet time: 1.63
Load LoRA latency: 0.00
End2End inference latency: 1.81
==============================
Prompt: a stop sign knocked over on a sidewalk, 4k, clean background
Reference image: /project/infattllm/slida/katz-ae-images/images_sdxl_t2i/image_43_depth.png

  0%|          | 0/50 [00:00<?, ?it/s]
  6%|▌         | 3/50 [00:00<00:01, 29.93it/s]
 12%|█▏        | 6/50 [00:00<00:01, 29.96it/s]
 18%|█▊        | 9/50 [00:00<00:01, 29.95it/s]
 26%|██▌       | 13/50 [00:00<00:01, 29.98it/s]
 32%|███▏      | 16/50 [00:00<00:01, 29.97it/s]
 40%|████      | 20/50 [00:00<00:01, 29.97it/s]
 48%|████▊     | 24/50 [00:00<00:00, 29.98it/s]
 54%|█████▍    | 27/50 [00:00<00:00, 29.98it/s]
 60%|██████    | 30/50 [00:01<00:00, 29.98it/s]
 66%|██████▌   | 33/50 [00:01<00:00, 29.97it/s]
 74%|███████▍  | 37/50 [00:01<00:00, 29.98it/s]
 80%|████████  | 40/50 [00:01<00:00, 29.98it/s]
 88%|████████▊ | 44/50 [00:01<00:00, 29.99it/s]
 96%|█████████▌| 48/50 [00:01<00:00, 30.00it/s]
100%|██████████| 50/50 [00:01<00:00, 29.98it/s]
Total denoising time: 1.67
Total controlnet time: 0.00
Total unet time: 1.63
Load LoRA latency: 0.00
End2End inference latency: 1.80
==============================
Prompt: a hot air balloon landing in a corn field, 4k, clean background
Reference image: /project/infattllm/slida/katz-ae-images/images_sdxl_t2i/image_44_depth.png

  0%|          | 0/50 [00:00<?, ?it/s]
  6%|▌         | 3/50 [00:00<00:01, 29.90it/s]
 14%|█▍        | 7/50 [00:00<00:01, 29.97it/s]
 20%|██        | 10/50 [00:00<00:01, 29.97it/s]
 28%|██▊       | 14/50 [00:00<00:01, 29.99it/s]
 34%|███▍      | 17/50 [00:00<00:01, 29.99it/s]
 42%|████▏     | 21/50 [00:00<00:00, 30.00it/s]
 48%|████▊     | 24/50 [00:00<00:00, 29.99it/s]
 54%|█████▍    | 27/50 [00:00<00:00, 29.99it/s]
 60%|██████    | 30/50 [00:01<00:00, 29.99it/s]
 66%|██████▌   | 33/50 [00:01<00:00, 29.99it/s]
 72%|███████▏  | 36/50 [00:01<00:00, 29.99it/s]
 78%|███████▊  | 39/50 [00:01<00:00, 29.98it/s]
 84%|████████▍ | 42/50 [00:01<00:00, 29.98it/s]
 92%|█████████▏| 46/50 [00:01<00:00, 29.97it/s]
100%|██████████| 50/50 [00:01<00:00, 29.98it/s]
100%|██████████| 50/50 [00:01<00:00, 29.98it/s]
Total denoising time: 1.67
Total controlnet time: 0.00
Total unet time: 1.63
Load LoRA latency: 0.00
End2End inference latency: 1.80
==============================
Prompt: a woman with long black hair and dark skin, 4k, clean background
Reference image: /project/infattllm/slida/katz-ae-images/images_sdxl_t2i/image_45_depth.png

  0%|          | 0/50 [00:00<?, ?it/s]
  6%|▌         | 3/50 [00:00<00:01, 29.91it/s]
 12%|█▏        | 6/50 [00:00<00:01, 29.92it/s]
 18%|█▊        | 9/50 [00:00<00:01, 29.93it/s]
 24%|██▍       | 12/50 [00:00<00:01, 29.95it/s]
 32%|███▏      | 16/50 [00:00<00:01, 29.96it/s]
 38%|███▊      | 19/50 [00:00<00:01, 29.97it/s]
 44%|████▍     | 22/50 [00:00<00:00, 29.96it/s]
 50%|█████     | 25/50 [00:00<00:00, 29.97it/s]
 56%|█████▌    | 28/50 [00:00<00:00, 29.98it/s]
 62%|██████▏   | 31/50 [00:01<00:00, 29.97it/s]
 68%|██████▊   | 34/50 [00:01<00:00, 29.98it/s]
 74%|███████▍  | 37/50 [00:01<00:00, 29.98it/s]
 80%|████████  | 40/50 [00:01<00:00, 29.98it/s]
 88%|████████▊ | 44/50 [00:01<00:00, 29.99it/s]
 94%|█████████▍| 47/50 [00:01<00:00, 29.99it/s]
100%|██████████| 50/50 [00:01<00:00, 29.97it/s]
Total denoising time: 1.67
Total controlnet time: 0.00
Total unet time: 1.63
Load LoRA latency: 0.00
End2End inference latency: 1.80
==============================
Prompt: a red sports car on the road, 4k, clean background
Reference image: /project/infattllm/slida/katz-ae-images/images_sdxl_t2i/image_46_depth.png

  0%|          | 0/50 [00:00<?, ?it/s]
  6%|▌         | 3/50 [00:00<00:01, 29.90it/s]
 12%|█▏        | 6/50 [00:00<00:01, 29.92it/s]
 20%|██        | 10/50 [00:00<00:01, 29.99it/s]
 26%|██▌       | 13/50 [00:00<00:01, 29.99it/s]
 32%|███▏      | 16/50 [00:00<00:01, 29.99it/s]
 40%|████      | 20/50 [00:00<00:00, 30.01it/s]
 48%|████▊     | 24/50 [00:00<00:00, 29.99it/s]
 54%|█████▍    | 27/50 [00:00<00:00, 29.99it/s]
 60%|██████    | 30/50 [00:01<00:00, 29.98it/s]
 66%|██████▌   | 33/50 [00:01<00:00, 29.98it/s]
 72%|███████▏  | 36/50 [00:01<00:00, 29.97it/s]
 78%|███████▊  | 39/50 [00:01<00:00, 29.98it/s]
 84%|████████▍ | 42/50 [00:01<00:00, 29.98it/s]
 90%|█████████ | 45/50 [00:01<00:00, 29.98it/s]
 96%|█████████▌| 48/50 [00:01<00:00, 29.98it/s]
100%|██████████| 50/50 [00:01<00:00, 29.98it/s]
Total denoising time: 1.67
Total controlnet time: 0.00
Total unet time: 1.63
Load LoRA latency: 0.00
End2End inference latency: 1.80
==============================
Prompt: the United States flag next to the flag of Texas, 4k, clean background
Reference image: /project/infattllm/slida/katz-ae-images/images_sdxl_t2i/image_47_depth.png

  0%|          | 0/50 [00:00<?, ?it/s]
  6%|▌         | 3/50 [00:00<00:01, 29.87it/s]
 14%|█▍        | 7/50 [00:00<00:01, 29.96it/s]
 20%|██        | 10/50 [00:00<00:01, 29.97it/s]
 26%|██▌       | 13/50 [00:00<00:01, 29.97it/s]
 32%|███▏      | 16/50 [00:00<00:01, 29.96it/s]
 40%|████      | 20/50 [00:00<00:01, 29.98it/s]
 46%|████▌     | 23/50 [00:00<00:00, 29.98it/s]
 52%|█████▏    | 26/50 [00:00<00:00, 29.98it/s]
 58%|█████▊    | 29/50 [00:00<00:00, 29.97it/s]
 64%|██████▍   | 32/50 [00:01<00:00, 29.97it/s]
 72%|███████▏  | 36/50 [00:01<00:00, 29.98it/s]
 78%|███████▊  | 39/50 [00:01<00:00, 29.98it/s]
 86%|████████▌ | 43/50 [00:01<00:00, 29.99it/s]
 92%|█████████▏| 46/50 [00:01<00:00, 29.98it/s]
 98%|█████████▊| 49/50 [00:01<00:00, 29.99it/s]
100%|██████████| 50/50 [00:01<00:00, 29.98it/s]
Total denoising time: 1.67
Total controlnet time: 0.00
Total unet time: 1.63
Load LoRA latency: 0.00
End2End inference latency: 1.80
==============================
Prompt: a painting of black and white with a red border, 4k, clean background
Reference image: /project/infattllm/slida/katz-ae-images/images_sdxl_t2i/image_48_depth.png

  0%|          | 0/50 [00:00<?, ?it/s]
  6%|▌         | 3/50 [00:00<00:01, 29.89it/s]
 14%|█▍        | 7/50 [00:00<00:01, 29.97it/s]
 22%|██▏       | 11/50 [00:00<00:01, 29.98it/s]
 30%|███       | 15/50 [00:00<00:01, 29.99it/s]
 36%|███▌      | 18/50 [00:00<00:01, 30.00it/s]
 42%|████▏     | 21/50 [00:00<00:00, 29.99it/s]
 48%|████▊     | 24/50 [00:00<00:00, 29.99it/s]
 54%|█████▍    | 27/50 [00:00<00:00, 29.99it/s]
 62%|██████▏   | 31/50 [00:01<00:00, 30.00it/s]
 68%|██████▊   | 34/50 [00:01<00:00, 29.99it/s]
 74%|███████▍  | 37/50 [00:01<00:00, 29.99it/s]
 80%|████████  | 40/50 [00:01<00:00, 29.98it/s]
 86%|████████▌ | 43/50 [00:01<00:00, 29.98it/s]
 92%|█████████▏| 46/50 [00:01<00:00, 29.97it/s]
 98%|█████████▊| 49/50 [00:01<00:00, 29.97it/s]
100%|██████████| 50/50 [00:01<00:00, 29.98it/s]
Total denoising time: 1.67
Total controlnet time: 0.00
Total unet time: 1.63
Load LoRA latency: 0.00
End2End inference latency: 1.80
==============================
Prompt: a tuba with red flowers protruding from its bell, 4k, clean background
Reference image: /project/infattllm/slida/katz-ae-images/images_sdxl_t2i/image_49_depth.png

  0%|          | 0/50 [00:00<?, ?it/s]
  6%|▌         | 3/50 [00:00<00:01, 29.92it/s]
 12%|█▏        | 6/50 [00:00<00:01, 29.91it/s]
 20%|██        | 10/50 [00:00<00:01, 29.96it/s]
 26%|██▌       | 13/50 [00:00<00:01, 29.97it/s]
 32%|███▏      | 16/50 [00:00<00:01, 29.96it/s]
 40%|████      | 20/50 [00:00<00:01, 29.98it/s]
 46%|████▌     | 23/50 [00:00<00:00, 29.97it/s]
 52%|█████▏    | 26/50 [00:00<00:00, 29.97it/s]
 58%|█████▊    | 29/50 [00:00<00:00, 29.97it/s]
 66%|██████▌   | 33/50 [00:01<00:00, 29.98it/s]
 72%|███████▏  | 36/50 [00:01<00:00, 29.98it/s]
 80%|████████  | 40/50 [00:01<00:00, 29.99it/s]
 86%|████████▌ | 43/50 [00:01<00:00, 29.99it/s]
 92%|█████████▏| 46/50 [00:01<00:00, 29.98it/s]
100%|██████████| 50/50 [00:01<00:00, 30.00it/s]
100%|██████████| 50/50 [00:01<00:00, 29.97it/s]
Total denoising time: 1.67
Total controlnet time: 0.00
Total unet time: 1.63
Load LoRA latency: 0.00
End2End inference latency: 1.80
==============================
End2End inference latency: 94.91
Number of prompts: 50
End2End Throughput: 1.90
